<?xml version="1.0" encoding="UTF-8"?>
<!-- Generated by org.testng.reporters.JUnitReportReporter -->
<testsuite hostname="LAPTOP-4UU3SGMU" failures="0" tests="1" name="com.testng.B" time="0.009" errors="0" timestamp="2024-07-21T17:03:55 IST" skipped="0">
  <testcase classname="com.testng.B" name="test3" time="0.009"/>
  <system-out/>
</testsuite> <!-- com.testng.B -->
